빌드 시작: 2017-06-20 오전 2:14:46
     1>2 노드의 "C:\Users\cho\Documents\Visual Studio 2013\Projects\17-1-Open_GL\17-1-PBM\17-06-13-PBM_Spring_Wind\17-06-13-PBM_Spring_Wind.vcxproj" 프로젝트(Build 대상)입니다.
     1>ClCompile:
         C:\Program Files (x86)\Microsoft Visual Studio 12.0\VC\bin\CL.exe /c /Zi /nologo /W3 /WX- /sdl /O2 /Oi /Oy- /GL /D WIN32 /D NDEBUG /D _CONSOLE /D _LIB /D _UNICODE /D UNICODE /Gm- /EHsc /MD /GS /Gy /fp:precise /Zc:wchar_t /Zc:forScope /Fo"Release\\" /Fd"Release\vc120.pdb" /Gd /TP /analyze- /errorReport:prompt Cloth.cpp
         Cloth.cpp
     1>Cloth.cpp(103): warning C4305: '초기화 중' : 'double'에서 'float'(으)로 잘립니다.
     1>Cloth.cpp(123): warning C4305: '초기화 중' : 'double'에서 'float'(으)로 잘립니다.
     1>Cloth.cpp(124): warning C4305: '초기화 중' : 'double'에서 'float'(으)로 잘립니다.
     1>Cloth.cpp(131): warning C4244: '초기화 중' : 'double'에서 'float'(으)로 변환하면서 데이터가 손실될 수 있습니다.
       Link:
         C:\Program Files (x86)\Microsoft Visual Studio 12.0\VC\bin\link.exe /ERRORREPORT:PROMPT /OUT:"C:\Users\cho\Documents\Visual Studio 2013\Projects\17-1-Open_GL\17-1-PBM\Release\17-06-13-PBM_Spring_Wind.exe" /INCREMENTAL:NO /NOLOGO kernel32.lib user32.lib gdi32.lib winspool.lib comdlg32.lib advapi32.lib shell32.lib ole32.lib oleaut32.lib uuid.lib odbc32.lib odbccp32.lib /MANIFEST /MANIFESTUAC:"level='asInvoker' uiAccess='false'" /manifest:embed /DEBUG /PDB:"C:\Users\cho\Documents\Visual Studio 2013\Projects\17-1-Open_GL\17-1-PBM\Release\17-06-13-PBM_Spring_Wind.pdb" /SUBSYSTEM:CONSOLE /OPT:REF /OPT:ICF /LTCG /TLBID:1 /DYNAMICBASE /NXCOMPAT /IMPLIB:"C:\Users\cho\Documents\Visual Studio 2013\Projects\17-1-Open_GL\17-1-PBM\Release\17-06-13-PBM_Spring_Wind.lib" /MACHINE:X86 /SAFESEH Release\Cloth.obj
         Release\KangGL.obj
         Release\main.obj
         Release\vec3d.obj
         코드를 생성하고 있습니다.
         코드를 생성했습니다.
         17-06-13-PBM_Spring_Wind.vcxproj -> C:\Users\cho\Documents\Visual Studio 2013\Projects\17-1-Open_GL\17-1-PBM\Release\17-06-13-PBM_Spring_Wind.exe
     1>"C:\Users\cho\Documents\Visual Studio 2013\Projects\17-1-Open_GL\17-1-PBM\17-06-13-PBM_Spring_Wind\17-06-13-PBM_Spring_Wind.vcxproj" 프로젝트를 빌드했습니다(Build 대상).

빌드했습니다.

경과 시간: 00:00:03.35
